<?xml version="1.0" encoding="UTF-8"?>
<!-- Generated by org.testng.reporters.JUnitReportReporter -->
<testsuite hostname="DESKTOP-EOV6DE2" failures="0" tests="1" name="testScripts.SendContactDetailsTest" time="10.715" errors="0" timestamp="2023-05-26T18:27:35 IST" skipped="0">
  <testcase classname="testScripts.SendContactDetailsTest" name="sendContactDetailsTest" time="10.715"/>
  <system-out/>
</testsuite> <!-- testScripts.SendContactDetailsTest -->
