<?xml version="1.0" encoding="UTF-8"?>
<!-- Generated by org.testng.reporters.JUnitReportReporter -->
<testsuite hostname="DESKTOP-EOV6DE2" failures="0" tests="1" name="testScripts.AddTestingCourseToMyCartTest" time="58.434" errors="0" timestamp="2023-05-26T18:27:08 IST" skipped="0">
  <testcase classname="testScripts.AddTestingCourseToMyCartTest" name="addSeleniumToMyCartTest" time="58.434"/>
  <system-out/>
</testsuite> <!-- testScripts.AddTestingCourseToMyCartTest -->
