<?xml version="1.0" encoding="UTF-8"?>
<!-- Generated by org.testng.reporters.JUnitReportReporter -->
<testsuite hostname="DESKTOP-EOV6DE2" failures="0" tests="1" name="testScripts.AddToCartTest" time="7.271" errors="0" timestamp="2023-05-24T22:55:14 IST" skipped="0">
  <testcase classname="testScripts.AddToCartTest" name="addToCartTest" time="7.271"/>
  <system-out/>
</testsuite> <!-- testScripts.AddToCartTest -->
